<?xml version="1.0" encoding="UTF-8"?>
<!-- Generated by org.testng.reporters.JUnitReportReporter -->
<testsuite hostname="LAPTOP-V8Q69O7J" failures="0" tests="6" name="base.SauceDemoAutomation" time="19.980" errors="0" timestamp="2025-01-07T07:34:37 IST" skipped="0">
  <testcase classname="base.SauceDemoAutomation" name="login_page" time="6.941">
    <system-out>
      <![CDATA[- On Test Start
USERNAME: standard_user
PASSWORD: secret_sauce
LOGIN BUTTON TEXT: Login
THERE IS NO STATEMENT FOR THIS ELSE BLOCK
LOGIN SUCCESSFULLY

- On Test Success]]>
    </system-out>
  </testcase> <!-- login_page -->
  <testcase classname="base.SauceDemoAutomation" name="product_page" time="4.331">
    <system-out>
      <![CDATA[- On Test Start
INVENTORY DETAILS: 0: Sauce Labs Backpack :: carry.allTheThings() with the sleek, streamlined Sly Pack that melds uncompromising style with unequaled laptop and tablet protection. :: $29.99
INVENTORY DETAILS: 1: Sauce Labs Bike Light :: A red light isn't the desired state in testing but it sure helps when riding your bike at night. Water-resistant with 3 lighting modes, 1 AAA battery included. :: $9.99
INVENTORY DETAILS: 2: Sauce Labs Bolt T-Shirt :: Get your testing superhero on with the Sauce Labs bolt T-shirt. From American Apparel, 100% ringspun combed cotton, heather gray with red bolt. :: $15.99
INVENTORY DETAILS: 3: Sauce Labs Fleece Jacket :: It's not every day that you come across a midweight quarter-zip fleece jacket capable of handling everything from a relaxing day outdoors to a busy day at the office. :: $49.99
INVENTORY DETAILS: 4: Sauce Labs Onesie :: Rib snap infant onesie for the junior automation engineer in development. Reinforced 3-snap bottom closure, two-needle hemmed sleeved and bottom won't unravel. :: $7.99
INVENTORY DETAILS: 5: Test.allTheThings() T-Shirt (Red) :: This classic Sauce Labs t-shirt is perfect to wear when cozying up to your keyboard to automate a few tests. Super-soft and comfy ringspun combed cotton. :: $15.99
 
PRODUCT FILTER: 0: Name (A to Z)
PRODUCT FILTER: 1: Name (Z to A)
PRODUCT FILTER: 2: Price (low to high)
PRODUCT FILTER: 3: Price (high to low)
 
SOCIAL LINKS TEXT: 0: Twitter
SOCIAL LINKS: 0: https://twitter.com/saucelabs
SOCIAL LINKS TEXT: 1: Facebook
SOCIAL LINKS: 1: https://www.facebook.com/saucelabs
SOCIAL LINKS TEXT: 2: LinkedIn
SOCIAL LINKS: 2: https://www.linkedin.com/company/sauce-labs/
 
PRODUCT SUCCESSFULLY FETCHED

- On Test Success]]>
    </system-out>
  </testcase> <!-- product_page -->
  <testcase classname="base.SauceDemoAutomation" name="shopping_page" time="1.701">
    <system-out>
      <![CDATA[- On Test Start
SELECTED CARD META DESCRIPTION: Sauce Labs Onesie: Rib snap infant onesie for the junior automation engineer in development. Reinforced 3-snap bottom closure, two-needle hemmed sleeved and bottom won't unravel.: $7.99
REMOVE BUTTON TEXT: Remove
CONTINUE BUTTON TEXT: Continue Shopping
CHECKOUT BUTTON TEXT: Checkout
 
SHOPPING DATA SUCCESSFULLY FETCHED

- On Test Success]]>
    </system-out>
  </testcase> <!-- shopping_page -->
  <testcase classname="base.SauceDemoAutomation" name="checkout_information" time="0.986">
    <system-out>
      <![CDATA[- On Test Start
CHECKOUT INFORMATION TITLE: Checkout: Your Information
FIRST NAME: SAM
LAST NAME: CURREN
POSTAL CODE: 111111
CANCEL BUTTON TEXT: Cancel
CONTINUE BUTTON TEXT: 
CHECKOUT INFORMATION SUCCESSFULLY FETCHED

- On Test Success]]>
    </system-out>
  </testcase> <!-- checkout_information -->
  <testcase classname="base.SauceDemoAutomation" name="checkout_overview" time="0.432">
    <system-out>
      <![CDATA[- On Test Start
CHECKOUT OVERVIEW TITLE: Checkout: Overview
CHECKOUT OVERVIEW DESCRIPTION: Sauce Labs Onesie: Rib snap infant onesie for the junior automation engineer in development. Reinforced 3-snap bottom closure, two-needle hemmed sleeved and bottom won't unravel.: $7.99
PAYMENT INFORMATION DATA: Payment Information:: SauceCard #31337
SHOPPING INFORMATION DATA: Shipping Information:: Free Pony Express Delivery!
PRICE: Price Total: Item total: $7.99: Tax: $0.64::Total: $8.63
CANCEL BUTTON TEXT: Cancel
FINISH BUTTON TEXT: Finish
SUCCESSFULLY CHECKOUT OVERVIEW DATA

- On Test Success]]>
    </system-out>
  </testcase> <!-- checkout_overview -->
  <testcase classname="base.SauceDemoAutomation" name="checkout_completed" time="5.589">
    <system-out>
      <![CDATA[- On Test Start
CHECKOUT COMPLETED TITLE: Checkout: Complete!
ORDER COMPLETED MESSAGE: Thank you for your order!
RDER COMPLETED DESCRIPTION: Your order has been dispatched, and will arrive just as fast as the pony can get there!
BACK BUTTON TEXT: Back Home
TEXT LIST: 
TEXT LIST: About
TEXT LIST: Logout
CHECKOUT SUCCESSFULLY COMPLETED

- On Test Success]]>
    </system-out>
  </testcase> <!-- checkout_completed -->
  <system-out>
    <![CDATA[- On Test Start
- On Test Start
USERNAME: standard_user
PASSWORD: secret_sauce
LOGIN BUTTON TEXT: Login
THERE IS NO STATEMENT FOR THIS ELSE BLOCK
LOGIN SUCCESSFULLY

- On Test Success
- On Test Start
INVENTORY DETAILS: 0: Sauce Labs Backpack :: carry.allTheThings() with the sleek, streamlined Sly Pack that melds uncompromising style with unequaled laptop and tablet protection. :: $29.99
INVENTORY DETAILS: 1: Sauce Labs Bike Light :: A red light isn't the desired state in testing but it sure helps when riding your bike at night. Water-resistant with 3 lighting modes, 1 AAA battery included. :: $9.99
INVENTORY DETAILS: 2: Sauce Labs Bolt T-Shirt :: Get your testing superhero on with the Sauce Labs bolt T-shirt. From American Apparel, 100% ringspun combed cotton, heather gray with red bolt. :: $15.99
INVENTORY DETAILS: 3: Sauce Labs Fleece Jacket :: It's not every day that you come across a midweight quarter-zip fleece jacket capable of handling everything from a relaxing day outdoors to a busy day at the office. :: $49.99
INVENTORY DETAILS: 4: Sauce Labs Onesie :: Rib snap infant onesie for the junior automation engineer in development. Reinforced 3-snap bottom closure, two-needle hemmed sleeved and bottom won't unravel. :: $7.99
INVENTORY DETAILS: 5: Test.allTheThings() T-Shirt (Red) :: This classic Sauce Labs t-shirt is perfect to wear when cozying up to your keyboard to automate a few tests. Super-soft and comfy ringspun combed cotton. :: $15.99
 
PRODUCT FILTER: 0: Name (A to Z)
PRODUCT FILTER: 1: Name (Z to A)
PRODUCT FILTER: 2: Price (low to high)
PRODUCT FILTER: 3: Price (high to low)
 
SOCIAL LINKS TEXT: 0: Twitter
SOCIAL LINKS: 0: https://twitter.com/saucelabs
SOCIAL LINKS TEXT: 1: Facebook
SOCIAL LINKS: 1: https://www.facebook.com/saucelabs
SOCIAL LINKS TEXT: 2: LinkedIn
SOCIAL LINKS: 2: https://www.linkedin.com/company/sauce-labs/
 
PRODUCT SUCCESSFULLY FETCHED

- On Test Success
- On Test Start
SELECTED CARD META DESCRIPTION: Sauce Labs Onesie: Rib snap infant onesie for the junior automation engineer in development. Reinforced 3-snap bottom closure, two-needle hemmed sleeved and bottom won't unravel.: $7.99
REMOVE BUTTON TEXT: Remove
CONTINUE BUTTON TEXT: Continue Shopping
CHECKOUT BUTTON TEXT: Checkout
 
SHOPPING DATA SUCCESSFULLY FETCHED

- On Test Success
- On Test Start
CHECKOUT INFORMATION TITLE: Checkout: Your Information
FIRST NAME: SAM
LAST NAME: CURREN
POSTAL CODE: 111111
CANCEL BUTTON TEXT: Cancel
CONTINUE BUTTON TEXT: 
CHECKOUT INFORMATION SUCCESSFULLY FETCHED

- On Test Success
- On Test Start
CHECKOUT OVERVIEW TITLE: Checkout: Overview
CHECKOUT OVERVIEW DESCRIPTION: Sauce Labs Onesie: Rib snap infant onesie for the junior automation engineer in development. Reinforced 3-snap bottom closure, two-needle hemmed sleeved and bottom won't unravel.: $7.99
PAYMENT INFORMATION DATA: Payment Information:: SauceCard #31337
SHOPPING INFORMATION DATA: Shipping Information:: Free Pony Express Delivery!
PRICE: Price Total: Item total: $7.99: Tax: $0.64::Total: $8.63
CANCEL BUTTON TEXT: Cancel
FINISH BUTTON TEXT: Finish
SUCCESSFULLY CHECKOUT OVERVIEW DATA

- On Test Success
- On Test Start
CHECKOUT COMPLETED TITLE: Checkout: Complete!
ORDER COMPLETED MESSAGE: Thank you for your order!
RDER COMPLETED DESCRIPTION: Your order has been dispatched, and will arrive just as fast as the pony can get there!
BACK BUTTON TEXT: Back Home
TEXT LIST: 
TEXT LIST: About
TEXT LIST: Logout
CHECKOUT SUCCESSFULLY COMPLETED

- On Test Success]]>
  </system-out>
</testsuite> <!-- base.SauceDemoAutomation -->
